0 info it worked if it ends with ok
1 verbose cli [ '/usr/bin/nodejs', '/usr/bin/npm', 'install', '-g', 'grunt-cli' ]
2 info using npm@1.3.10
3 info using node@v0.10.25
4 verbose cache add [ 'grunt-cli', null ]
5 verbose cache add name=undefined spec="grunt-cli" args=["grunt-cli",null]
6 verbose parsed url { protocol: null,
6 verbose parsed url   slashes: null,
6 verbose parsed url   auth: null,
6 verbose parsed url   host: null,
6 verbose parsed url   port: null,
6 verbose parsed url   hostname: null,
6 verbose parsed url   hash: null,
6 verbose parsed url   search: null,
6 verbose parsed url   query: null,
6 verbose parsed url   pathname: 'grunt-cli',
6 verbose parsed url   path: 'grunt-cli',
6 verbose parsed url   href: 'grunt-cli' }
7 silly lockFile 671ef8ac-grunt-cli grunt-cli
8 verbose lock grunt-cli /home/malina/.npm/671ef8ac-grunt-cli.lock
9 silly lockFile 671ef8ac-grunt-cli grunt-cli
10 silly lockFile 671ef8ac-grunt-cli grunt-cli
11 verbose addNamed [ 'grunt-cli', '' ]
12 verbose addNamed [ null, '*' ]
13 silly lockFile d63f3d0b-grunt-cli grunt-cli@
14 verbose lock grunt-cli@ /home/malina/.npm/d63f3d0b-grunt-cli.lock
15 silly addNameRange { name: 'grunt-cli', range: '*', hasData: false }
16 verbose url raw grunt-cli
17 verbose url resolving [ 'https://registry.npmjs.org/', './grunt-cli' ]
18 verbose url resolved https://registry.npmjs.org/grunt-cli
19 info trying registry request attempt 1 at 18:17:35
20 verbose etag "6HB6EWPJGHHDV7IJ30NZ5BMV0"
21 http GET https://registry.npmjs.org/grunt-cli
22 http 200 https://registry.npmjs.org/grunt-cli
23 silly registry.get cb [ 200,
23 silly registry.get   { server: 'CouchDB/1.5.0 (Erlang OTP/R16B03)',
23 silly registry.get     etag: '"AVX8LI2KQ3ZSHJEU6HBO1SZR3"',
23 silly registry.get     'content-type': 'application/json',
23 silly registry.get     'cache-control': 'max-age=60',
23 silly registry.get     'content-length': '20957',
23 silly registry.get     'accept-ranges': 'bytes',
23 silly registry.get     date: 'Sat, 06 Jun 2015 16:17:35 GMT',
23 silly registry.get     via: '1.1 varnish',
23 silly registry.get     age: '40',
23 silly registry.get     connection: 'keep-alive',
23 silly registry.get     'x-served-by': 'cache-fra1240-FRA',
23 silly registry.get     'x-cache': 'HIT',
23 silly registry.get     'x-cache-hits': '150',
23 silly registry.get     'x-timer': 'S1433607455.806637,VS0,VE0',
23 silly registry.get     vary: 'Accept' } ]
24 silly addNameRange number 2 { name: 'grunt-cli', range: '*', hasData: true }
25 silly addNameRange versions [ 'grunt-cli',
25 silly addNameRange   [ '0.1.0',
25 silly addNameRange     '0.1.1',
25 silly addNameRange     '0.1.2',
25 silly addNameRange     '0.1.3',
25 silly addNameRange     '0.1.4',
25 silly addNameRange     '0.1.5',
25 silly addNameRange     '0.1.6',
25 silly addNameRange     '0.1.7',
25 silly addNameRange     '0.1.8',
25 silly addNameRange     '0.1.9',
25 silly addNameRange     '0.1.10',
25 silly addNameRange     '0.1.11',
25 silly addNameRange     '0.1.12',
25 silly addNameRange     '0.1.13' ] ]
26 verbose addNamed [ 'grunt-cli', '0.1.13' ]
27 verbose addNamed [ '0.1.13', '0.1.13' ]
28 silly lockFile 28997503-grunt-cli-0-1-13 grunt-cli@0.1.13
29 verbose lock grunt-cli@0.1.13 /home/malina/.npm/28997503-grunt-cli-0-1-13.lock
30 silly lockFile 28997503-grunt-cli-0-1-13 grunt-cli@0.1.13
31 silly lockFile 28997503-grunt-cli-0-1-13 grunt-cli@0.1.13
32 silly lockFile d63f3d0b-grunt-cli grunt-cli@
33 silly lockFile d63f3d0b-grunt-cli grunt-cli@
34 silly resolved [ { name: 'grunt-cli',
34 silly resolved     description: 'The grunt command line interface.',
34 silly resolved     version: '0.1.13',
34 silly resolved     author: { name: 'Grunt Team' },
34 silly resolved     homepage: 'http://gruntjs.com/',
34 silly resolved     repository: { type: 'git', url: 'git://github.com/gruntjs/grunt-cli.git' },
34 silly resolved     bugs: { url: 'http://github.com/gruntjs/grunt-cli/issues' },
34 silly resolved     licenses: [ [Object] ],
34 silly resolved     bin: { grunt: 'bin/grunt' },
34 silly resolved     engines: { node: '>= 0.8.0' },
34 silly resolved     scripts: { test: 'node bin/grunt test' },
34 silly resolved     preferGlobal: true,
34 silly resolved     dependencies: { nopt: '~1.0.10', 'findup-sync': '~0.1.0', resolve: '~0.3.1' },
34 silly resolved     devDependencies: { grunt: '~0.4.0', 'grunt-contrib-jshint': '~0.2.0' },
34 silly resolved     contributors: [ [Object], [Object], [Object], [Object] ],
34 silly resolved     readme: '# grunt-cli [![Build Status](https://secure.travis-ci.org/gruntjs/grunt-cli.png?branch=master)](http://travis-ci.org/gruntjs/grunt-cli)\n> The Grunt command line interface.\n\nInstall this globally and you\'ll have access to the `grunt` command anywhere on your system.\n\n```shell\nnpm install -g grunt-cli\n```\n\n**Note:** The job of the `grunt` command is to load and run the version of Grunt you have installed locally to your project, irrespective of its version.  Starting with Grunt v0.4, you should never install Grunt itself globally.  For more information about why, [please read this](http://blog.nodejs.org/2011/03/23/npm-1-0-global-vs-local-installation).\n\nSee the [Getting Started](http://gruntjs.com/getting-started) guide for more information.\n\n## Shell tab auto-completion\nTo enable tab auto-completion for Grunt, add one of the following lines to your `~/.bashrc` or `~/.zshrc` file.\n\n```bash\n# Bash, ~/.bashrc\neval "$(grunt --completion=bash)"\n```\n\n```bash\n# Zsh, ~/.zshrc\neval "$(grunt --completion=zsh)"\n```\n\n## Installing grunt-cli locally\nIf you prefer the idiomatic Node.js method to get started with a project (`npm install && npm test`) then install grunt-cli locally with `npm install grunt-cli --save-dev`. Then add a script to your `package.json` to run the associated grunt command: `"scripts": { "test": "grunt test" } `. Now `npm test` will use the locally installed `./node_modules/.bin/grunt` executable to run your Grunt commands.\n\nTo read more about npm scripts, please visit the npm docs: [https://npmjs.org/doc/misc/npm-scripts.html](https://npmjs.org/doc/misc/npm-scripts.html).\n',
34 silly resolved     readmeFilename: 'README.md',
34 silly resolved     _id: 'grunt-cli@0.1.13',
34 silly resolved     _from: 'grunt-cli@' } ]
35 info install grunt-cli@0.1.13 into /usr/local/lib
36 info installOne grunt-cli@0.1.13
37 info /usr/local/lib/node_modules/grunt-cli unbuild
38 info preuninstall grunt-cli@0.1.13
39 info uninstall grunt-cli@0.1.13
40 verbose true,/usr/local/lib/node_modules,/usr/local/lib/node_modules unbuild grunt-cli@0.1.13
41 verbose /usr/local/bin,[object Object] binRoot
42 info /usr/local/lib/node_modules/grunt-cli unbuild
43 info preuninstall grunt-cli@0.1.13
44 info uninstall grunt-cli@0.1.13
45 verbose true,/usr/local/lib/node_modules,/usr/local/lib/node_modules unbuild grunt-cli@0.1.13
46 verbose /usr/local/bin,[object Object] binRoot
47 error error rolling back Error: EACCES, unlink '/usr/local/bin/grunt'
47 error error rolling back  grunt-cli@0.1.13 { [Error: EACCES, unlink '/usr/local/bin/grunt'] errno: 3, code: 'EACCES', path: '/usr/local/bin/grunt' }
48 error Error: EACCES, unlink '/usr/local/bin/grunt'
48 error  { [Error: EACCES, unlink '/usr/local/bin/grunt'] errno: 3, code: 'EACCES', path: '/usr/local/bin/grunt' }
49 error Please try running this command again as root/Administrator.
50 error System Linux 3.16.0-33-generic
51 error command "/usr/bin/nodejs" "/usr/bin/npm" "install" "-g" "grunt-cli"
52 error cwd /home/malina/Projects/gdm-api public
53 error node -v v0.10.25
54 error npm -v 1.3.10
55 error path /usr/local/bin/grunt
56 error code EACCES
57 error errno 3
58 error stack Error: EACCES, unlink '/usr/local/bin/grunt'
59 verbose exit [ 3, true ]
